------------------------------------------------------------
/usr/bin/pip run on Mon Dec 19 21:09:29 2016
Downloading/unpacking virtualenv
  Getting page https://pypi.python.org/simple/virtualenv/
  URLs to search for versions for virtualenv:
  * https://pypi.python.org/simple/virtualenv/
  Analyzing links from page https://pypi.python.org/simple/virtualenv/
    Found link https://pypi.python.org/packages/00/02/c9e25efbee0cdb78135995f82cfe58e33b96ea2ac7be0658a59ebb7a15e6/virtualenv-1.11.tar.gz#md5=d1a7cf95b539a861a8215827f387c4eb (from https://pypi.python.org/simple/virtualenv/), version: 1.11
    Found link https://pypi.python.org/packages/02/6c/daf3959020ef541e9de8562c2294a7896ebd254078c8cc4284d72d5990a9/virtualenv-13.0.3-py2.py3-none-any.whl#md5=f40a95563e668fca630bd15ebb87ecbe (from https://pypi.python.org/simple/virtualenv/), version: 13.0.3
    Skipping link https://pypi.python.org/packages/09/b2/daa7131dacc50ce09876cb1ad45ed9527bf4748377f957840f2c242f3537/virtualenv-1.3-py2.5.egg#md5=8102d251e3f1caf709722679a737f454 (from https://pypi.python.org/simple/virtualenv/); unknown archive format: .egg
    Skipping link https://pypi.python.org/packages/0b/79/0feb894d3e7e20f86eb0225e11f4ee91418c5d9cadd4c69b093908f0054f/virtualenv-0.9-py2.5.egg#md5=7c8e85680f1ede0844a496513366d7a5 (from https://pypi.python.org/simple/virtualenv/); unknown archive format: .egg
    Found link https://pypi.python.org/packages/0c/86/96518348874718a23612f52a91d80f3c77455c9e2efb3b4aa66d2c9250ed/virtualenv-1.6.tar.gz#md5=b1c585e0bbe4fca56bfa0b34aff87bd9 (from https://pypi.python.org/simple/virtualenv/), version: 1.6
    Found link https://pypi.python.org/packages/0c/b3/fb6bee198255458b14b3b93368942deeaae0a78914c980a9c70bccf3a0c2/virtualenv-1.9.tar.gz#md5=e03b76752b8ce7eee67c6298414cac79 (from https://pypi.python.org/simple/virtualenv/), version: 1.9
    Found link https://pypi.python.org/packages/10/9c/25a3020c7449ced830a6332a6b6578b21ac2309a754fc463289ccc6a3526/virtualenv-1.3.2.tar.gz#md5=a013d5a7d9aeddc16bee88604d6de636 (from https://pypi.python.org/simple/virtualenv/), version: 1.3.2
    Found link https://pypi.python.org/packages/13/f1/84b2cd9bf5ad9a2d5078cb8e537418e0bff4b5446d22dbdf258b28c6a8a8/virtualenv-14.0.1-py2.py3-none-any.whl#md5=e81fb3fa5a56e783145f83f0216cb193 (from https://pypi.python.org/simple/virtualenv/), version: 14.0.1
    Found link https://pypi.python.org/packages/14/a4/3145f84afd46a3a74717d97f0c58a7a6442876e7712b209c5070cf34a3be/virtualenv-12.0.7.tar.gz#md5=e08796f79d112f3bfa6653cc10840114 (from https://pypi.python.org/simple/virtualenv/), version: 12.0.7
    Found link https://pypi.python.org/packages/15/6d/0a6fead70c4581c331cba537a2579a3ef1bd9283943388b39a0000f5549b/virtualenv-13.0.3.tar.gz#md5=cd2043ea72448d65dcc54d33744c2214 (from https://pypi.python.org/simple/virtualenv/), version: 13.0.3
    Skipping link https://pypi.python.org/packages/15/f5/f147858db5a336bc4beb1bccf64e912a1add86600cf8bb4690c5ceb950d1/virtualenv-0.8.2-py2.4.egg#md5=4a92b99c93026031b7298906bf126ccd (from https://pypi.python.org/simple/virtualenv/); unknown archive format: .egg
    Found link https://pypi.python.org/packages/16/86/7b88d35d0a353ec70e42aa37fd8b0bd1c643419c80f022ffaafa4d6449f0/virtualenv-1.7.2.tar.gz#md5=b5d63b05373a4344ae099a68875aae78 (from https://pypi.python.org/simple/virtualenv/), version: 1.7.2
    Found link https://pypi.python.org/packages/16/ef/e5b81c0fd09806f730d762b528b47ad21c4301fe2c62ab83150648148aea/virtualenv-1.8.4.tar.gz#md5=1c7e56a7f895b2e71558f96e365ee7a7 (from https://pypi.python.org/simple/virtualenv/), version: 1.8.4
    Found link https://pypi.python.org/packages/18/48/502f2e6718a94929f2eb58f812616af157a24d361198757740cc7fd18189/virtualenv-1.6.1.tar.gz#md5=1a475df2219457b6b4febb9fe595d915 (from https://pypi.python.org/simple/virtualenv/), version: 1.6.1
    Found link https://pypi.python.org/packages/19/d8/5a5a1a270240105e6214a68d4bf0b3ecd6a6d3d96bef272a28c4f29f61d9/virtualenv-0.9.2.tar.gz#md5=78b6e73600db0d5ed8c0e507f0f7d705 (from https://pypi.python.org/simple/virtualenv/), version: 0.9.2
    Found link https://pypi.python.org/packages/1a/cb/24a1572120a59774eed55ec725ef321b1f848e5ee0789b54a597e603d33e/virtualenv-1.3.tar.gz#md5=36b766604542f2c34d8dffdb21ba14a9 (from https://pypi.python.org/simple/virtualenv/), version: 1.3
    Skipping link https://pypi.python.org/packages/1c/29/f508186fc330df264322ebfacc42c1480ba47da06fec50addc4e40eb394b/virtualenv-1.3.4-py2.4.egg#md5=bd62418a72b7e09a637ef368b7b0101b (from https://pypi.python.org/simple/virtualenv/); unknown archive format: .egg
    Skipping https://pypi.python.org/packages/1c/b6/04e98899f78fc9f53843bea98cfd0206bde13f133b2db49440c96278d302/virtualenv-1.11.5-py3-none-any.whl#md5=3ae8bdce6389620d48d2d4be3b0070fd (from https://pypi.python.org/simple/virtualenv/) because it is not compatible with this Python
    Found link https://pypi.python.org/packages/1f/9a/3647ff867500b12baf90ceda9317ac5efc1f28453960575acd03882dc0a3/virtualenv-1.8.3.tar.gz#md5=d42ab84b1b38258f2a57365841186f71 (from https://pypi.python.org/simple/virtualenv/), version: 1.8.3
    Found link https://pypi.python.org/packages/20/1f/bbe8ab416b7eb084c1e4a570b65909777749db56ffab28f74ce30dbeda7e/virtualenv-12.1.1-py2.py3-none-any.whl#md5=043b79503a36b295d010964c80117461 (from https://pypi.python.org/simple/virtualenv/), version: 12.1.1
    Skipping link https://pypi.python.org/packages/20/2a/81ab04b9c785a44c1622239daeae20df36d8dcb0b8c88a007d3422661464/virtualenv-1.2-py2.5.egg#md5=0043570e1c16af8d3c9fa1e99bce012b (from https://pypi.python.org/simple/virtualenv/); unknown archive format: .egg
    Found link https://pypi.python.org/packages/24/43/6d567974c760f5adc603f65ad3581022be6e23874265a13214c2ad5e7a9b/virtualenv-1.1.tar.gz#md5=8931b66dbb799120583dd107aab2fa89 (from https://pypi.python.org/simple/virtualenv/), version: 1.1
    Found link https://pypi.python.org/packages/24/cc/a3cdf0a49ffcaef483b7e2511476aa520cf7260c199a6928fda6c43ba916/virtualenv-1.11.6.tar.gz#md5=f61cdd983d2c4e6aeabb70b1060d6f49 (from https://pypi.python.org/simple/virtualenv/), version: 1.11.6
    Skipping link https://pypi.python.org/packages/26/32/4e8cff26f4ad9f1ed257c34f90915d5d22663f79fbdabdb4af7e27e9af87/virtualenv-0.8.1-py2.5.egg#md5=ad5869374196f7d533a9b649adfe9014 (from https://pypi.python.org/simple/virtualenv/); unknown archive format: .egg
    Found link https://pypi.python.org/packages/26/c8/e28765b98dbb8370ccd3e6211f6a9478a6511955cbb47380bfe7e07d04bb/virtualenv-1.4.8.tar.gz#md5=74ded4025a56e538c1c8df6b9825a8b8 (from https://pypi.python.org/simple/virtualenv/), version: 1.4.8
    Found link https://pypi.python.org/packages/27/73/034f68fd482846d61bdda5c9aec662b100b5acd663e13a3e2437b0e72634/virtualenv-1.6.3.tar.gz#md5=73a69184e35f1e2c2f9016c889c4d26a (from https://pypi.python.org/simple/virtualenv/), version: 1.6.3
    Found link https://pypi.python.org/packages/28/c9/38247a08d6e4ae2cc5b961530581fb80f399b4be209bbfc41de9cf9778d2/virtualenv-1.10.1.tar.gz#md5=3a04aa2b32c76c83725ed4d9918e362e (from https://pypi.python.org/simple/virtualenv/), version: 1.10.1
    Found link https://pypi.python.org/packages/28/e2/23a0ed99e3b82af4b6da64f8d2cb7bc04da7ffc4868c45e7f3b575f5877f/virtualenv-14.0.2-py2.py3-none-any.whl#md5=2d326279a943c7f85884c17262b11cd5 (from https://pypi.python.org/simple/virtualenv/), version: 14.0.2
    Found link https://pypi.python.org/packages/2a/1e/07f15b240640c1062b277dcffcd3931c6e95d5441466d22a81d7e0e10586/virtualenv-1.11.3.tar.gz#md5=e332877dd29fe0599bf09d239967f4c0 (from https://pypi.python.org/simple/virtualenv/), version: 1.11.3
    Found link https://pypi.python.org/packages/2a/83/ceb8ce885644b0e9100d71bb097540c452bea4677625d93a575542d612ed/virtualenv-14.0.3-py2.py3-none-any.whl#md5=9ca8214052e1095dcc3ddaa26f30504c (from https://pypi.python.org/simple/virtualenv/), version: 14.0.3
    Skipping link https://pypi.python.org/packages/2c/5f/1da59b031cfae3074accd3985d187747ae079287b5af47648c8d7f5cb2e0/virtualenv-1.0-py2.5.egg#md5=e6881a6353543b0af8b116ed8ed2f6f6 (from https://pypi.python.org/simple/virtualenv/); unknown archive format: .egg
    Skipping https://pypi.python.org/packages/2f/25/648bc0976627989b0e66dd1cd9ded3746a8f0905a6f9faca69c2a457c277/virtualenv-12.0.6-py3-none-any.whl#md5=8b6878c54f6a444695958f6a32fea073 (from https://pypi.python.org/simple/virtualenv/) because it is not compatible with this Python
    Found link https://pypi.python.org/packages/2f/e8/e9644379d83bfba6adc31d9cd711bf905795a078beac44a4d36e0b309926/virtualenv-1.4rc1.tar.gz#md5=fb62a93b054e877e6a6c92f7dcd0b6ae (from https://pypi.python.org/simple/virtualenv/), version: 1.4rc1
    Found link https://pypi.python.org/packages/32/ff/c7626a9aca3b318aaa65d7a9ba1ae25f16e387626b12937f2a9a5429a253/virtualenv-0.8.4.tar.gz#md5=30f053782cc29363927b848263ae9158 (from https://pypi.python.org/simple/virtualenv/), version: 0.8.4
    Found link https://pypi.python.org/packages/36/14/e228a004fec6fadc4705a0b37ee3949ea7a59cf758f4b4bca1ee22217e11/virtualenv-1.0.tar.gz#md5=fb86aabdfc2033612b936cf08ad811ec (from https://pypi.python.org/simple/virtualenv/), version: 1.0
    Found link https://pypi.python.org/packages/38/a5/781ba11e55ccdede3d43e8493087c5c768e5a1724f30f255d8c066529720/virtualenv-12.0.5.tar.gz#md5=637abbbd04d270ee8c601ab29c4f7561 (from https://pypi.python.org/simple/virtualenv/), version: 12.0.5
    Found link https://pypi.python.org/packages/39/62/159f60c93e7cf4f88730ec6ee7f23fec4e8f374c133502da18ef1e1420cb/virtualenv-14.0.6-py2.py3-none-any.whl#md5=b4a47ee697913203ec5fdb9e44ce3a8f (from https://pypi.python.org/simple/virtualenv/), version: 14.0.6
    Skipping link https://pypi.python.org/packages/3a/eb/7310c02f664a3f957fb18bcbb3b8ed92f64646a39209e69952e36aad1a26/virtualenv-1.3.1-py2.5.egg#md5=f042320f7301a77311b876ed55d2a635 (from https://pypi.python.org/simple/virtualenv/); unknown archive format: .egg
    Found link https://pypi.python.org/packages/3b/dc/d228d577fb241855161755eab18d737fd4877e9f68e5674ff6c75874a357/virtualenv-1.11.5.tar.gz#md5=f61636143193499e7700ec9b70756ff6 (from https://pypi.python.org/simple/virtualenv/), version: 1.11.5
    Found link https://pypi.python.org/packages/3c/b0/d92b83e8e2298750a9230ad6374dab6421313c1f6abe1db7c76b78c5137e/virtualenv-1.7.1.1.tar.gz#md5=e06efff3c3dd5f88758dde29e108bfdd (from https://pypi.python.org/simple/virtualenv/), version: 1.7.1.1
    Found link https://pypi.python.org/packages/3d/dd/2cd13f0d4c734eb80bae09a0e5802d7ef60ef3890259b0a614e8cb1ba1cf/virtualenv-1.11.4.tar.gz#md5=9accc2d3f0ec1da479ce2c3d1fdff06e (from https://pypi.python.org/simple/virtualenv/), version: 1.11.4
    Found link https://pypi.python.org/packages/3f/21/8503e2592183d552c6e47fc431b3976c7b53256b1d1c50eb1f12ada2238c/virtualenv-13.0.1-py2.py3-none-any.whl#md5=7ceac202ab764a5ea9ad0656bd502b1c (from https://pypi.python.org/simple/virtualenv/), version: 13.0.1
    Skipping link https://pypi.python.org/packages/3f/ac/6bc25945100883678a43636ad3c78ae7110eb968165edf95061341c1ccc1/virtualenv-1.3.3-py2.5.egg#md5=fae350c941cd9eadf5e9a407c37a2e03 (from https://pypi.python.org/simple/virtualenv/); unknown archive format: .egg
    Found link https://pypi.python.org/packages/41/96/8d1d3f0f160512d637c1aeaeddf4039525ee0eb17cf5be0c1eca7de6bd76/virtualenv-13.1.2.tar.gz#md5=b989598f068d64b32dead530eb25589a (from https://pypi.python.org/simple/virtualenv/), version: 13.1.2
    Skipping link https://pypi.python.org/packages/42/5c/f398970c2b9bd59a2a78cd87e292dd0252c9014df1d5c83c8b9aefea7be6/virtualenv-1.3.1-py2.4.egg#md5=708cc5281dae7fdd8d996cdb55bef52d (from https://pypi.python.org/simple/virtualenv/); unknown archive format: .egg
    Found link https://pypi.python.org/packages/43/15/50093f7af184bfef5616be0aaa4ccaae62386b2d4b8d62ac41b590b2a613/virtualenv-1.3.3.tar.gz#md5=28e2955aed4ffc4dc3df02dc632b5c42 (from https://pypi.python.org/simple/virtualenv/), version: 1.3.3
    Found link https://pypi.python.org/packages/43/8b/db596e6719fb67c7a4f190fae6a42ef6123fa9533688544256b6fe3cb652/virtualenv-0.8.2.tar.gz#md5=241f157e92dd9052b5a4b43efcef8035 (from https://pypi.python.org/simple/virtualenv/), version: 0.8.2
    Found link https://pypi.python.org/packages/44/3d/7392230aa51bdebfeb205e1fdd371f9ce33147bb886ab1451b8767805f4c/virtualenv-14.0.0-py2.py3-none-any.whl#md5=df9517915a19b4c4601e8decbcedf7e6 (from https://pypi.python.org/simple/virtualenv/), version: 14.0.0
    Found link https://pypi.python.org/packages/44/77/480eb1e504d04cd59bb99a80ece2bb2f7454af38062cbc22ffc04ea9273d/virtualenv-12.0.tar.gz#md5=c05abddabeed628281ed49aa4dd85568 (from https://pypi.python.org/simple/virtualenv/), version: 12.0
    Found link https://pypi.python.org/packages/44/8f/4ec79a1bd1437510830730168ca8d0b95d8d6dcbd6379e2b8a8f33f62905/virtualenv-1.8.tar.gz#md5=fdab30066a1d731ca6fe22a4c23b9e80 (from https://pypi.python.org/simple/virtualenv/), version: 1.8
    Found link https://pypi.python.org/packages/45/9c/acd0645222dc9f3593e86a33b3e5cae0be841c04807bf0f183625bc5fe85/virtualenv-15.0.3-py2.py3-none-any.whl#md5=75d2e7305967ec368c43152b7c55546e (from https://pypi.python.org/simple/virtualenv/), version: 15.0.3
    Skipping link https://pypi.python.org/packages/49/da/6f20ded5ca672531b4a0043bacc069920ba404861929063a9d442a76c96f/virtualenv-0.9-py2.4.egg#md5=12b34ae909f578910c293ecfe7c793e3 (from https://pypi.python.org/simple/virtualenv/); unknown archive format: .egg
    Skipping link https://pypi.python.org/packages/4b/9a/26943cc34c8b2b319739a49fe7d92a218f5b6a37fadf0f4fa4dfc167268f/virtualenv-0.9.1-py2.5.egg#md5=573b8bd74a7b9b207b5eede8db386953 (from https://pypi.python.org/simple/virtualenv/); unknown archive format: .egg
    Skipping link https://pypi.python.org/packages/4e/aa/be80be8b00515eecf8a1c308cc7d791dea22b2fd7b80c1947d565db1f261/virtualenv-1.4.7-py2.5.egg#md5=e1bb0e1cbc4e2df64dfdde6b0867ef29 (from https://pypi.python.org/simple/virtualenv/); unknown archive format: .egg
    Found link https://pypi.python.org/packages/53/7d/5081ba60a4cda47f29ed7ca7f2b3990cb785bf965cec69cf4b0201be4dc8/virtualenv-1.3.4.tar.gz#md5=77d675df104b90fceec749150bd5014f (from https://pypi.python.org/simple/virtualenv/), version: 1.3.4
    Found link https://pypi.python.org/packages/54/02/1c5f84b6fe961a274da10759d087e402098559c73fb89d229e6191d76111/virtualenv-12.0-py2.py3-none-any.whl#md5=efea2832b0999aadafb3781b81da00dc (from https://pypi.python.org/simple/virtualenv/), version: 12.0
    Found link https://pypi.python.org/packages/55/05/56023a9fb3170382f4d4c6bcaa1e20030b4d67ec15c581f6aa67c51ade56/virtualenv-1.2.tar.gz#md5=7ad454e52f025cad631d03331ade4aaf (from https://pypi.python.org/simple/virtualenv/), version: 1.2
    Found link https://pypi.python.org/packages/58/7c/8692296207a55293002797b7560f674f6f34fef595fc1e25e6d9c9e4bdc2/virtualenv-12.0.6.tar.gz#md5=7b111afe2a64d0f4573112003d82f1f0 (from https://pypi.python.org/simple/virtualenv/), version: 12.0.6
    Found link https://pypi.python.org/packages/5b/73/e08ac8faf2acbcfc38dcf0361e6912a4f29501f4d492eed9b3e0a4813354/virtualenv-0.9.1.tar.gz#md5=d9abf1dc9dcaf603c60840c582414f66 (from https://pypi.python.org/simple/virtualenv/), version: 0.9.1
    Found link https://pypi.python.org/packages/5b/ea/0bc3ee1249465fcfbdd56a61aeffd6a6b6e4a337e4f51850f9a10bc96176/virtualenv-13.1.1-py2.py3-none-any.whl#md5=683417f689261a66a5397cd2c2db921f (from https://pypi.python.org/simple/virtualenv/), version: 13.1.1
    Found link https://pypi.python.org/packages/5c/12/28d736d40b449efefe6d8e197f97e469676da4693ab5bf86b23b7ecb7db7/virtualenv-14.0.5.tar.gz#md5=5769a96de40d99c4557a0070e4b2e48e (from https://pypi.python.org/simple/virtualenv/), version: 14.0.5
    Found link https://pypi.python.org/packages/5c/79/5dae7494b9f5ed061cff9a8ab8d6e1f02db352f3facf907d9eb614fb80e9/virtualenv-15.0.2.tar.gz#md5=0ed59863994daf1292827ffdbba80a63 (from https://pypi.python.org/simple/virtualenv/), version: 15.0.2
    Found link https://pypi.python.org/packages/5c/80/dcbdaf8e6b64b7e7ae5b51949fb8ebcb36081e7a4499e63d2e6b7347a2e5/virtualenv-15.0.0-py2.py3-none-any.whl#md5=94955d9179ba18706bbc272a79d80980 (from https://pypi.python.org/simple/virtualenv/), version: 15.0.0
    Skipping link https://pypi.python.org/packages/5d/c1/2f611504801953499fd485532e3695a765e2e7698a8009c54c7cfe473c9c/virtualenv-0.8.2-py2.5.egg#md5=eedbc037902cd2010b055451641addcf (from https://pypi.python.org/simple/virtualenv/); unknown archive format: .egg
    Found link https://pypi.python.org/packages/60/21/249a85ebc36350abb4c33fee27367c82ba8fdca29411d4800dc04a339bab/virtualenv-1.4.5.tar.gz#md5=d3c621dd9797789fef78442e336df63e (from https://pypi.python.org/simple/virtualenv/), version: 1.4.5
    Found link https://pypi.python.org/packages/64/77/bf43f9f273a865659ea365c89570df1a67205c0aea82ea110f6cdd5e1c01/virtualenv-1.4.3.tar.gz#md5=2b639cee32d15fd049a49561957afe4b (from https://pypi.python.org/simple/virtualenv/), version: 1.4.3
    Found link https://pypi.python.org/packages/65/94/1c60f0d646f094537fab2fe2d084079960e2c5798463bd2f3d51a8c178b3/virtualenv-13.1.1.tar.gz#md5=22d36ae617d6e962d8a486f58b5ebd2a (from https://pypi.python.org/simple/virtualenv/), version: 13.1.1
    Found link https://pypi.python.org/packages/69/25/546196b0ca00c53b2339f62c981140b028357fb167c5e8a1917a847e095b/virtualenv-1.11.2.tar.gz#md5=d3d915836c1ada1be731ccaa12412b98 (from https://pypi.python.org/simple/virtualenv/), version: 1.11.2
    Found link https://pypi.python.org/packages/6b/e1/599c2a3c4a9e088e789489e9238e8016fb09aedd9ea81b93d6530e586ddc/virtualenv-13.1.2-py2.py3-none-any.whl#md5=6e7b25033b4aadb262598b76b12edf3a (from https://pypi.python.org/simple/virtualenv/), version: 13.1.2
    Found link https://pypi.python.org/packages/6c/61/a9ce9b38cea586c8f0380b7f4f31a427f078494a5006acd89ff773367ecb/virtualenv-1.3.1.tar.gz#md5=e70ed86cc3823f0b622e80e035b59297 (from https://pypi.python.org/simple/virtualenv/), version: 1.3.1
    Found link https://pypi.python.org/packages/6e/48/4d57ca13ffb07b6a844215c11c43a0b96c35ebf4e8ad238ec0611582b15f/virtualenv-13.1.0.tar.gz#md5=70f63a429b7dd7c3e10f6af09ed32554 (from https://pypi.python.org/simple/virtualenv/), version: 13.1.0
    Found link https://pypi.python.org/packages/6e/5d/dae55bdaeada6d9161dcc94322887b87768ff501e9ec04584622795715aa/virtualenv-12.0.2.tar.gz#md5=cd43c130badf76ecb3c6bf72a14c42f6 (from https://pypi.python.org/simple/virtualenv/), version: 12.0.2
    Skipping link https://pypi.python.org/packages/6e/65/fc99a66deb060e804633718c79fd799e9aaf4d8950eb620a1be2ce82aab8/virtualenv-1.2-py2.4.egg#md5=53ab95a286cc0382e503306bb0df9d49 (from https://pypi.python.org/simple/virtualenv/); unknown archive format: .egg
    Found link https://pypi.python.org/packages/6e/c2/b871ab1bb45f1f9118c454ae298327c59607a7e9f8a2c1852444d52f5628/virtualenv-1.11.1.tar.gz#md5=7875c2d8c2075571abe5e727449af4d8 (from https://pypi.python.org/simple/virtualenv/), version: 1.11.1
    Found link https://pypi.python.org/packages/6e/c9/fac168d2fad32ddf7e50e1cc2ae9b2853e91bc64d4116be0c006173b972f/virtualenv-12.0.1.tar.gz#md5=4e9b5162cc29ae5438bd307e74f78026 (from https://pypi.python.org/simple/virtualenv/), version: 12.0.1
    Found link https://pypi.python.org/packages/6f/86/3dc328ee7b1a6419ebfac7896d882fba83c48e3561d22ddddf38294d3e83/virtualenv-15.1.0-py2.py3-none-any.whl#md5=aa7e5b86cc8cdb99794c4b99e8d670f3 (from https://pypi.python.org/simple/virtualenv/), version: 15.1.0
    Found link https://pypi.python.org/packages/73/5f/86ef3f8ffac68ca9e5ef337ad50a5b1f585635d48742d1565238af7a99ea/virtualenv-12.1.0-py2.py3-none-any.whl#md5=e1709a1261cf5f789a5885adb9388bba (from https://pypi.python.org/simple/virtualenv/), version: 12.1.0
    Skipping link https://pypi.python.org/packages/74/d8/816876276d7d1e4fbd2ba390c2224886de73e932b3bc9cead7e4aeee3b7a/virtualenv-1.1-py2.4.egg#md5=d9b0de14426957e30b2aa7015451aa43 (from https://pypi.python.org/simple/virtualenv/); unknown archive format: .egg
    Skipping link https://pypi.python.org/packages/75/63/f047b82dfd9d0d683f4f8289b655cbd34d048745dc7d5c17a530cafb1930/virtualenv-1.3.2-py2.4.egg#md5=6913c03f02167fe4ac32add76c3edeb7 (from https://pypi.python.org/simple/virtualenv/); unknown archive format: .egg
    Found link https://pypi.python.org/packages/78/75/50c0b8e087506bb737355e9b39812ea192c820bc5338cfdce6870480dddf/virtualenv-0.9.tar.gz#md5=17a52f8801cbeb6805f4a4650dc89468 (from https://pypi.python.org/simple/virtualenv/), version: 0.9
    Skipping link https://pypi.python.org/packages/79/86/a6848c3a75b2975060062a6cd84c9a22f8a9e56b8cc170bd4f216f85e671/virtualenv-1.3.3-py2.4.egg#md5=9cd8f513ba25e09be54ead5b1325ad3e (from https://pypi.python.org/simple/virtualenv/); unknown archive format: .egg
    Found link https://pypi.python.org/packages/7b/01/107064eb3b80d0cb49fcae1e995d732a876b1b21f216b4587af96262db78/virtualenv-1.4.4.tar.gz#md5=94161ae1500cb3a8b003c0c394c9dbbd (from https://pypi.python.org/simple/virtualenv/), version: 1.4.4
    Found link https://pypi.python.org/packages/7c/81/8576abe9439e1329d9fd59c163b0e435e3e71389587edcb0c7e1bd54ab57/virtualenv-13.0.0.tar.gz#md5=721e7f60b830ff74c3763d64e5f01b0a (from https://pypi.python.org/simple/virtualenv/), version: 13.0.0
    Found link https://pypi.python.org/packages/7c/d7/18fa3eb8bcf383245dc39ac0a9b4504b4016c2831ac1243ec3ff1836a496/virtualenv-1.4.9.tar.gz#md5=c49067cab242b5ff8c7b681a5a99533a (from https://pypi.python.org/simple/virtualenv/), version: 1.4.9
    Found link https://pypi.python.org/packages/82/b1/4ca66d80734279266b5a0cea9d7f166a7f51449c7b5c9ca7e2c89f427f74/virtualenv-12.1.0.tar.gz#md5=b3a9bf032e6bdc72a56364e8810ad2a7 (from https://pypi.python.org/simple/virtualenv/), version: 12.1.0
    Found link https://pypi.python.org/packages/83/50/f6b73e50c30c36ec9ec673dd94adc14c0b36e1917aaa3b01245250277198/virtualenv-1.7.1.tar.gz#md5=1a07359ff6e5dbfaefa6381516293b47 (from https://pypi.python.org/simple/virtualenv/), version: 1.7.1
    Skipping link https://pypi.python.org/packages/83/ef/b1afc523162267d46676bb2a0a2a7add61b13b99d91e806b2c9551710573/virtualenv-0.8.3-py2.5.egg#md5=7592e9dd19388a037768840caac00255 (from https://pypi.python.org/simple/virtualenv/); unknown archive format: .egg
    Found link https://pypi.python.org/packages/85/47/930573bec29611bd614991efcd07015c0e26c84975711e32779bc751d230/virtualenv-1.4.2.tar.gz#md5=7b1a10f0e84dd945c9b006ace1e1bb16 (from https://pypi.python.org/simple/virtualenv/), version: 1.4.2
    Found link https://pypi.python.org/packages/86/75/3faa707b910bb194a44c4052cba65eb644ff018a1af1c2a4aed959fa4bb6/virtualenv-14.0.5-py2.py3-none-any.whl#md5=d72283571b2b7ef1c0ef0de570f87bfd (from https://pypi.python.org/simple/virtualenv/), version: 14.0.5
    Skipping link https://pypi.python.org/packages/87/9c/114eb48ee1e80489f13579b8ae19ee1b5a24f7fca959b70b1b12d74bc9a8/virtualenv-1.0-py2.4.egg#md5=6199b281bf6e7370d896520eb3a968f8 (from https://pypi.python.org/simple/virtualenv/); unknown archive format: .egg
    Found link https://pypi.python.org/packages/8a/8e/44701300d201d9d3670ea412ad44772927d05702d0d540f851d8fb50f114/virtualenv-0.8.1.tar.gz#md5=5d7b4784f530bd8acf44b568776dbd3c (from https://pypi.python.org/simple/virtualenv/), version: 0.8.1
    Found link https://pypi.python.org/packages/8b/2c/c0d3e47709d0458816167002e1aa3d64d03bdeb2a9d57c5bd18448fd24cd/virtualenv-15.0.3.tar.gz#md5=a5a061ad8a37d973d27eb197d05d99bf (from https://pypi.python.org/simple/virtualenv/), version: 15.0.3
    Skipping link https://pypi.python.org/packages/8b/f6/2230887ff479a28d7ec6c5dc1df264a00bd731c13b10dee6e2ee9d0b25e9/virtualenv-1.1-py2.5.egg#md5=1db8cdd823739c79330a138327239551 (from https://pypi.python.org/simple/virtualenv/); unknown archive format: .egg
    Skipping link https://pypi.python.org/packages/8c/b8/181b6a13bde8f1d94c9eaccfe4bb2fd6839ee03f2b96a4a18d23b79f3c44/virtualenv-0.9.1-py2.4.egg#md5=f595300f14597da25feabaececcf62a2 (from https://pypi.python.org/simple/virtualenv/); unknown archive format: .egg
    Found link https://pypi.python.org/packages/8e/8c/f6efe0dd612705b7194b07ed6c416e58cd6974c01853ef9b65e532d1ec76/virtualenv-1.4.6.tar.gz#md5=f576969d591a054132fe8c9165c2b3c3 (from https://pypi.python.org/simple/virtualenv/), version: 1.4.6
    Skipping link https://pypi.python.org/packages/90/7b/dda368d70fd19f0ccec901e85597670c0d3ec2bbf7c98bd84ea2609879e3/virtualenv-0.8.4-py2.4.egg#md5=6d2db4c08a9b8a7b59e1ab7731791381 (from https://pypi.python.org/simple/virtualenv/); unknown archive format: .egg
    Found link https://pypi.python.org/packages/91/9e/2356ac78bfa8b8a8b5afdd466fbb42128e87affa34e04f73a304ce9ca6cd/virtualenv-0.8.3.tar.gz#md5=d635fb7de359ff603a1fc395933724d1 (from https://pypi.python.org/simple/virtualenv/), version: 0.8.3
    Skipping link https://pypi.python.org/packages/94/24/72b11e7bf6c3d30b53117e811de257c7d22d55daec788c579e663960a629/virtualenv-1.3.2-py2.5.egg#md5=f2cd2b10b8be8b57e74cb1830fc0b504 (from https://pypi.python.org/simple/virtualenv/); unknown archive format: .egg
    Found link https://pypi.python.org/packages/94/39/e412844f4e7a1223dd85ad4bf232d6e8df7fc34a9fa04647084bbbf8862d/virtualenv-1.11.3-py2.py3-none-any.whl#md5=d2a576eb3908eb394cddeec34470726c (from https://pypi.python.org/simple/virtualenv/), version: 1.11.3
    Skipping link https://pypi.python.org/packages/94/ea/b4e1c2cdfc7ec7c75230dd5161448018ca13d0d77b7d8ad284617583627a/virtualenv-1.3-py2.4.egg#md5=ff872f8b8dcb3dc76d9c2793afc9b1a5 (from https://pypi.python.org/simple/virtualenv/); unknown archive format: .egg
    Found link https://pypi.python.org/packages/9c/c4/01b92e74c5338c566e49f9f1b74ee987cd96195893e2e493b836e8ee20fe/virtualenv-1.5.1.tar.gz#md5=3daa1f449d5d2ee03099484cecb1c2b7 (from https://pypi.python.org/simple/virtualenv/), version: 1.5.1
    Found link https://pypi.python.org/packages/9c/ef/70bce889474bfb32faaae2e82fe14f8f51cb15192b0dbf170e7741967e1c/virtualenv-1.4.7.tar.gz#md5=979a7adf8467df7df800a45debd2074f (from https://pypi.python.org/simple/virtualenv/), version: 1.4.7
    Found link https://pypi.python.org/packages/9c/fb/c2e3a62b25516c3d3e081abab2d103a9b76fa5714a4df768b8378f22b7ec/virtualenv-13.0.2.tar.gz#md5=86e74f8b0009544e10caf832fa131c1a (from https://pypi.python.org/simple/virtualenv/), version: 13.0.2
    Skipping link https://pypi.python.org/packages/9d/59/bb0252b659e3cacda7b331a22f33960556ce90706f445e77492048e7f29f/virtualenv-0.8.3-py2.4.egg#md5=fbcb29d72e35ee93d80738d46e69d350 (from https://pypi.python.org/simple/virtualenv/); unknown archive format: .egg
    Skipping link https://pypi.python.org/packages/9e/3e/a9fe027135a3d3e3dcca5be2210e5a83bdb47ed5533bd21aa56a04537507/virtualenv-0.9.2-py2.5.egg#md5=7a4d37d0c3f83f917d7a6556f31bb31d (from https://pypi.python.org/simple/virtualenv/); unknown archive format: .egg
    Found link https://pypi.python.org/packages/a0/5e/8c3e958a04c3197c78bbd3b9bd4205492f19819f17fa704f8961c0957cff/virtualenv-12.0.7-py2.py3-none-any.whl#md5=e03d314ea40c2f96375882aceaa0b87f (from https://pypi.python.org/simple/virtualenv/), version: 12.0.7
    Found link https://pypi.python.org/packages/a1/ae/cc0b16ff6185b91ca9947a150a9ec0809531b281a064fc9a59c3feddc99a/virtualenv-13.0.0-py2.py3-none-any.whl#md5=0a2bb090a43c140dac59e10f2d36c45d (from https://pypi.python.org/simple/virtualenv/), version: 13.0.0
    Skipping link https://pypi.python.org/packages/a5/7a/29bf9eb8f4a720bb11a1d7101a9656f507758207b10cf4524214cbb7f569/virtualenv-1.3.4-py2.5.egg#md5=2fd8f371cc83c2a49009e5fe51fcd9c9 (from https://pypi.python.org/simple/virtualenv/); unknown archive format: .egg
    Found link https://pypi.python.org/packages/a5/f9/0c604ce96292da59301c062689b1380594382c70f27b279522f5d7add9c2/virtualenv-1.9.1.tar.gz#md5=07e09df0adfca0b2d487e39a4bf2270a (from https://pypi.python.org/simple/virtualenv/), version: 1.9.1
    Found link https://pypi.python.org/packages/a7/95/bbf277e112cf82f2fb57730febe3be96748b3758646cd8bb82e72bd007d8/virtualenv-1.8.2.tar.gz#md5=174ca075c6b1a42c685415692ec4ce2e (from https://pypi.python.org/simple/virtualenv/), version: 1.8.2
    Found link https://pypi.python.org/packages/a9/9b/2cf9ff97b7fb23a1fd3d16ebf2a01be15ce2f8b55f552d1314af070353d2/virtualenv-14.0.1.tar.gz#md5=687b2c8ff325c97c37c365f68b0ae975 (from https://pypi.python.org/simple/virtualenv/), version: 14.0.1
    Found link https://pypi.python.org/packages/ae/82/3b78e8bfc2b41b06bb44052fd15e1b294811d2d83a84aa5c4274e2c562a4/virtualenv-14.0.0.tar.gz#md5=bc9bb318b679920e5bd03d6ecf81d331 (from https://pypi.python.org/simple/virtualenv/), version: 14.0.0
    Skipping link https://pypi.python.org/packages/b0/ef/a1924f426f202aac9a1f23c4491bf5381e16525f70a5972c49dbafb7b852/virtualenv-0.9.2-py2.4.egg#md5=319b534ed28e2d31b124b1a76f42fbc7 (from https://pypi.python.org/simple/virtualenv/); unknown archive format: .egg
    Skipping link https://pypi.python.org/packages/b1/57/1bc370c160214985429035af22c8d5af33b32fa89d0e6bb5b23a15dd1db8/virtualenv-0.8.4-py2.5.egg#md5=40300b786dad2e8380ef785c4998f421 (from https://pypi.python.org/simple/virtualenv/); unknown archive format: .egg
    Found link https://pypi.python.org/packages/b4/b9/7969223977f2f0b3b1697a54d222ca72276668d0a25a4e9357bc522adb40/virtualenv-14.0.4-py2.py3-none-any.whl#md5=ba48564c7ff0083b67d19909f4e999b2 (from https://pypi.python.org/simple/virtualenv/), version: 14.0.4
    Found link https://pypi.python.org/packages/b5/e2/a319dc2bb887b61456f711c6ff990e5efa7dc27821af7f0c3b834b8035fb/virtualenv-1.6.2.tar.gz#md5=e948af53ad41ca2718c4034484fcd694 (from https://pypi.python.org/simple/virtualenv/), version: 1.6.2
    Found link https://pypi.python.org/packages/bb/83/1aa921ab8c7d017e4098582acbc422a30485f820290577b361c8fc407d53/virtualenv-15.0.1-py2.py3-none-any.whl#md5=1fca0d03249563ccc475d39cfe71491e (from https://pypi.python.org/simple/virtualenv/), version: 15.0.1
    Found link https://pypi.python.org/packages/bc/0a/6de493fa8e9777e40a29f4d0e59c9467aeba3349d3edb6c9338a32b001e2/virtualenv-13.1.0-py2.py3-none-any.whl#md5=d57872cd70dcc13f3053418989e973d3 (from https://pypi.python.org/simple/virtualenv/), version: 13.1.0
    Found link https://pypi.python.org/packages/bd/74/91d324ddfc50b62aca6e44076384c6d448028e9d5f0ff12bce0430da0c3c/virtualenv-0.8.tar.gz#md5=88c187a93a78c4c9bd54eef9ef0e0f03 (from https://pypi.python.org/simple/virtualenv/), version: 0.8
    Found link https://pypi.python.org/packages/bf/a0/45ecac80034dbc040fb4f5036f32cb40005df71e496ccd137eb65e5a69e6/virtualenv-1.7.tar.gz#md5=dcc105e5a3907a9dcaa978f813a4f526 (from https://pypi.python.org/simple/virtualenv/), version: 1.7
    Found link https://pypi.python.org/packages/bf/f4/43525ce41d4de0128460da3dce059c2c969f4d076bbdbac21b6bc1e996e8/virtualenv-15.0.2-py2.py3-none-any.whl#md5=832cc0a303e61fa71892a93ec6b2d746 (from https://pypi.python.org/simple/virtualenv/), version: 15.0.2
    Found link https://pypi.python.org/packages/c0/e7/a81dc248164121e00a3d383797759e8e5462d3fa9b8860b9ae8099c81091/virtualenv-12.0.5-py2.py3-none-any.whl#md5=2d469eb9081deef1b2b86b58f8913fca (from https://pypi.python.org/simple/virtualenv/), version: 12.0.5
    Skipping link https://pypi.python.org/packages/c1/5b/f4ebebd8ac48ffc4726b4e5aa6605eb671415b1b74d5079e7d8b24f3baf1/virtualenv-0.8.1-py2.4.egg#md5=fa8831295f1073151876375c4567f5cd (from https://pypi.python.org/simple/virtualenv/); unknown archive format: .egg
    Found link https://pypi.python.org/packages/c4/3c/f80b2c25a2212a913402c8a43b71817fbed8a4754e7eaad5e7cf7163f373/virtualenv-13.0.1.tar.gz#md5=1ffc011bde6667f0e37ecd976f4934db (from https://pypi.python.org/simple/virtualenv/), version: 13.0.1
    Found link https://pypi.python.org/packages/c5/b5/c1551d6f28bdb5f09ba38947db1826d0f647d87d78a678470d87a7e55f81/virtualenv-1.8.1.tar.gz#md5=3aebe32859aa4512e1e679834c10f7bf (from https://pypi.python.org/simple/virtualenv/), version: 1.8.1
    Found link https://pypi.python.org/packages/c6/e3/f1eaf5a62fb7df7d98f39e7f45521f562bed2b6ab405a81d678e844a4ef2/virtualenv-1.11.6-py2.py3-none-any.whl#md5=c2aa2fc4986967815f8cb3a3418e6031 (from https://pypi.python.org/simple/virtualenv/), version: 1.11.6
    Found link https://pypi.python.org/packages/c8/82/7c1eb879dea5725fae239070b48187de74a8eb06b63d9087cd0a60436353/virtualenv-15.0.1.tar.gz#md5=28d76a0d9cbd5dc42046dd14e76a6ecc (from https://pypi.python.org/simple/virtualenv/), version: 15.0.1
    Found link https://pypi.python.org/packages/cc/fb/58f7293baab4b39150037ab8548bc32985e76141a68e2c9b18a55a4c2454/virtualenv-12.0.4.tar.gz#md5=ce7c4025516806b791bbd5b4ff6c4b84 (from https://pypi.python.org/simple/virtualenv/), version: 12.0.4
    Found link https://pypi.python.org/packages/d1/9e/1cf17f519a0d374e0708b0396ec3dc23ece1d0808fd0c16358f32565c4ec/virtualenv-12.1.1.tar.gz#md5=901ecbf302f5de9fdb31d843290b7217 (from https://pypi.python.org/simple/virtualenv/), version: 12.1.1
    Found link https://pypi.python.org/packages/d1/de/5cb54425d8764d22169b4c49bd744a5a984e2de18bae6ca6645a52d6ffb5/virtualenv-13.0.2-py2.py3-none-any.whl#md5=3c300e1d9c5e522be19db32a8a531cce (from https://pypi.python.org/simple/virtualenv/), version: 13.0.2
    Found link https://pypi.python.org/packages/d2/e1/e5f13a7a1c92e7c36c6b34afcafeeb0e17ee7a54dfd6631f045663727278/virtualenv-1.11.4-py2.py3-none-any.whl#md5=1180da8b836c740ff7ff6dbc86c35d88 (from https://pypi.python.org/simple/virtualenv/), version: 1.11.4
    Found link https://pypi.python.org/packages/d4/0c/9840c08189e030873387a73b90ada981885010dd9aea134d6de30cd24cb8/virtualenv-15.1.0.tar.gz#md5=44e19f4134906fe2d75124427dc9b716 (from https://pypi.python.org/simple/virtualenv/), version: 15.1.0
    Found link https://pypi.python.org/packages/d5/5b/f425e456e017af4801bb08920e30c149a44ac0c194f2225bdb712e77701c/virtualenv-1.10.tar.gz#md5=9745c28256c70c76d36adb3767a00212 (from https://pypi.python.org/simple/virtualenv/), version: 1.10
    Found link https://pypi.python.org/packages/d8/5f/9025f456f39ef825719d2b30090e240b382dcb4dcb3d0429b18c13176c98/virtualenv-14.0.4.tar.gz#md5=b2e28470c41ff35a88ff665a3a609b5a (from https://pypi.python.org/simple/virtualenv/), version: 14.0.4
    Found link https://pypi.python.org/packages/da/ae/718e96f41a838ad1254d6758abe06bf79867fc729811d8e486d6f306b47e/virtualenv-14.0.6.tar.gz#md5=a035037925c82990a7659ecf8764bcdb (from https://pypi.python.org/simple/virtualenv/), version: 14.0.6
    Found link https://pypi.python.org/packages/dc/d6/6df620942c349157daf71068ec11a5fdf93bffae05b6a5ea6bbb08e76f79/virtualenv-1.4.1.tar.gz#md5=6ab218532376c2a389ef4ea030ff96f2 (from https://pypi.python.org/simple/virtualenv/), version: 1.4.1
    Found link https://pypi.python.org/packages/df/0e/296385a17f295f13063819eaee2d8a7be76852b1407ddf9dc2eda61923c3/virtualenv-1.4.tar.gz#md5=ef70dc53c648f4253335351c65b5740f (from https://pypi.python.org/simple/virtualenv/), version: 1.4
    Found link https://pypi.python.org/packages/e0/24/a0d3b522652f9746b6f42d18c3f3751fa9bdeeb769abeb090f4e22dc7444/virtualenv-1.5.2.tar.gz#md5=fbcefbd8520bb64bc24a560c6019a73c (from https://pypi.python.org/simple/virtualenv/), version: 1.5.2
    Found link https://pypi.python.org/packages/e4/86/7c4e6f705997e0b0c981a4e2097bdcd8256972fbbe9edbe0786f50f75f18/virtualenv-12.0.2-py2.py3-none-any.whl#md5=11580ed3e6313b04b129d72e13138ce5 (from https://pypi.python.org/simple/virtualenv/), version: 12.0.2
    Found link https://pypi.python.org/packages/e9/32/cf1166c1ab96534b04f02de5dab3b0f6bd1637e0c729b635ddc64d8abd1a/virtualenv-12.0.1-py2.py3-none-any.whl#md5=1667bc49f4b344a768f6da4b16f8e9bc (from https://pypi.python.org/simple/virtualenv/), version: 12.0.1
    Found link https://pypi.python.org/packages/e9/42/cedf86473a44207babd072201957af699e437c1c2c1add504686cc7c624b/virtualenv-14.0.3.tar.gz#md5=29206cfa4cac60de117a610b5ea7e704 (from https://pypi.python.org/simple/virtualenv/), version: 14.0.3
    Found link https://pypi.python.org/packages/e9/53/64ca3740921a34896e373f7263efff5a13056e651c672b9044a278833fa9/virtualenv-14.0.2.tar.gz#md5=ffd00537e65973125df10b8eeb379170 (from https://pypi.python.org/simple/virtualenv/), version: 14.0.2
    Found link https://pypi.python.org/packages/e9/e8/546565b103874812a60fa574c9d7a40f2d1f41f9a5a972ea7637dd0e0297/virtualenv-1.11.1-py27-none-any.whl#md5=265770b61de41d34d2e9fdfddcdf034c (from https://pypi.python.org/simple/virtualenv/), version: 1.11.1
    Found link https://pypi.python.org/packages/eb/55/137f36eb6c7dd33d9bb1d0f85424aeb77c2e7a08731bf6843a1896e102fd/virtualenv-1.7.1.2.tar.gz#md5=3be8a014c27340f48b56465f9109d9fa (from https://pypi.python.org/simple/virtualenv/), version: 1.7.1.2
    Found link https://pypi.python.org/packages/eb/74/724d0dcc1632de285499ddd67035dd9313b84c28673add274b9c151dbb65/virtualenv-15.0.0.tar.gz#md5=d9652f8d154546926939066e596af83c (from https://pypi.python.org/simple/virtualenv/), version: 15.0.0
    Found link https://pypi.python.org/packages/eb/8b/f1e10ec7df061a0a82a7a1ab392f1151885755c38a25151427d0859d4635/virtualenv-12.0.4-py2.py3-none-any.whl#md5=01551e6cd34a9e5fde66c937c56d0193 (from https://pypi.python.org/simple/virtualenv/), version: 12.0.4
    Found link https://pypi.python.org/packages/ec/15/1faab96142ef603b4c8963a4fc2cc73161c59680b8f7dc1f5633848f48b3/virtualenv-1.6.4.tar.gz#md5=1072b66d53c24e019a8f1304ac9d9fc5 (from https://pypi.python.org/simple/virtualenv/), version: 1.6.4
    Found link https://pypi.python.org/packages/ed/e8/4ec73805afca5b1577356691307eadde9ea1c8b52b6bc2eaed72acb0d2d3/virtualenv-1.11.2-py2.py3-none-any.whl#md5=a18326dc067b528cfd2b3fce495d540d (from https://pypi.python.org/simple/virtualenv/), version: 1.11.2
    Found link https://pypi.python.org/packages/f2/ba/4bbc02866b1d72f7d0d3a4d93b23720675adf2c2649135c2237f1a7f62c1/virtualenv-1.5.tar.gz#md5=a8c756de9661323b1f95311e79f8a5f3 (from https://pypi.python.org/simple/virtualenv/), version: 1.5
    Skipping link https://pypi.python.org/packages/fc/c0/479f874340f2173e4d8afe411e1a804c635b520fa1847c4c0d03eacff11c/virtualenv-1.3.4-py2.6.egg#md5=f5cf3d4dba3a224351fb5f90f59dae1a (from https://pypi.python.org/simple/virtualenv/); unknown archive format: .egg
  Ignoring link https://pypi.python.org/packages/2f/e8/e9644379d83bfba6adc31d9cd711bf905795a078beac44a4d36e0b309926/virtualenv-1.4rc1.tar.gz#md5=fb62a93b054e877e6a6c92f7dcd0b6ae (from https://pypi.python.org/simple/virtualenv/), version 1.4rc1 is a pre-release (use --pre to allow).
  Using version 15.1.0 (newest of versions: 15.1.0, 15.1.0, 15.0.3, 15.0.3, 15.0.2, 15.0.2, 15.0.1, 15.0.1, 15.0.0, 15.0.0, 14.0.6, 14.0.6, 14.0.5, 14.0.5, 14.0.4, 14.0.4, 14.0.3, 14.0.3, 14.0.2, 14.0.2, 14.0.1, 14.0.1, 14.0.0, 14.0.0, 13.1.2, 13.1.2, 13.1.1, 13.1.1, 13.1.0, 13.1.0, 13.0.3, 13.0.3, 13.0.2, 13.0.2, 13.0.1, 13.0.1, 13.0.0, 13.0.0, 12.1.1, 12.1.1, 12.1.0, 12.1.0, 12.0.7, 12.0.7, 12.0.6, 12.0.5, 12.0.5, 12.0.4, 12.0.4, 12.0.2, 12.0.2, 12.0.1, 12.0.1, 12.0, 12.0, 1.11.6, 1.11.6, 1.11.5, 1.11.4, 1.11.4, 1.11.3, 1.11.3, 1.11.2, 1.11.2, 1.11.1, 1.11.1, 1.11, 1.10.1, 1.10, 1.9.1, 1.9, 1.8.4, 1.8.3, 1.8.2, 1.8.1, 1.8, 1.7.2, 1.7.1.2, 1.7.1.1, 1.7.1, 1.7, 1.6.4, 1.6.3, 1.6.2, 1.6.1, 1.6, 1.5.2, 1.5.1, 1.5, 1.4.9, 1.4.8, 1.4.7, 1.4.6, 1.4.5, 1.4.4, 1.4.3, 1.4.2, 1.4.1, 1.4, 1.3.4, 1.3.3, 1.3.2, 1.3.1, 1.3, 1.2, 1.1, 1.0, 0.9.2, 0.9.1, 0.9, 0.8.4, 0.8.3, 0.8.2, 0.8.1, 0.8)
  Downloading from URL https://pypi.python.org/packages/6f/86/3dc328ee7b1a6419ebfac7896d882fba83c48e3561d22ddddf38294d3e83/virtualenv-15.1.0-py2.py3-none-any.whl#md5=aa7e5b86cc8cdb99794c4b99e8d670f3 (from https://pypi.python.org/simple/virtualenv/)
Installing collected packages: virtualenv
Cleaning up...
  Removing temporary dir /tmp/pip_build_airflow...
Exception:
Traceback (most recent call last):
  File "/usr/lib/python2.7/dist-packages/pip/basecommand.py", line 122, in main
    status = self.run(options, args)
  File "/usr/lib/python2.7/dist-packages/pip/commands/install.py", line 283, in run
    requirement_set.install(install_options, global_options, root=options.root_path)
  File "/usr/lib/python2.7/dist-packages/pip/req.py", line 1436, in install
    requirement.install(install_options, global_options, *args, **kwargs)
  File "/usr/lib/python2.7/dist-packages/pip/req.py", line 672, in install
    self.move_wheel_files(self.source_dir, root=root)
  File "/usr/lib/python2.7/dist-packages/pip/req.py", line 902, in move_wheel_files
    pycompile=self.pycompile,
  File "/usr/lib/python2.7/dist-packages/pip/wheel.py", line 206, in move_wheel_files
    clobber(source, lib_dir, True)
  File "/usr/lib/python2.7/dist-packages/pip/wheel.py", line 193, in clobber
    os.makedirs(destsubdir)
  File "/usr/lib/python2.7/os.py", line 157, in makedirs
    mkdir(name, mode)
OSError: [Errno 13] Permission denied: '/usr/local/lib/python2.7/dist-packages/virtualenv-15.1.0.dist-info'
